2023-08-06 05:13:48.292947 - Initialized conversion of CBT561
2023-08-06 05:13:48.584489 - Received CBT.V505.FILE561.PDS from FILE561.XMI 
2023-08-06 05:13:48.587124 - Found $$$#DATE.txt (text/plain) in CBT.V505.FILE561.PDS, moved to PDS/$$$#DATE
2023-08-06 05:13:48.588141 - Found $$NOTE1.txt (text/plain) in CBT.V505.FILE561.PDS, moved to PDS/$$NOTE1
2023-08-06 05:13:48.589310 - Found $$README.txt (text/plain) in CBT.V505.FILE561.PDS, moved to PDS/$$README
2023-08-06 05:13:48.590282 - Found @FILE561.txt (text/plain) in CBT.V505.FILE561.PDS, moved to PDS/@FILE561
2023-08-06 05:13:48.591203 - Found ASMC.txt (text/plain) in CBT.V505.FILE561.PDS, moved to PDS/ASMC
2023-08-06 05:13:48.592226 - Found ASME.txt (text/plain) in CBT.V505.FILE561.PDS, moved to PDS/ASME
2023-08-06 05:13:48.593100 - Found ASMEDITC.txt (text/plain) in CBT.V505.FILE561.PDS, moved to PDS/ASMEDITC
2023-08-06 05:13:48.593987 - Found ASMEDITN.txt (text/plain) in CBT.V505.FILE561.PDS, moved to PDS/ASMEDITN
2023-08-06 05:13:48.594980 - Found ASMN.txt (text/plain) in CBT.V505.FILE561.PDS, moved to PDS/ASMN
2023-08-06 05:13:48.595988 - Found BATCHEDT.txt (text/plain) in CBT.V505.FILE561.PDS, moved to PDS/BATCHEDT
2023-08-06 05:13:48.596881 - Found BATCHED1.txt (text/plain) in CBT.V505.FILE561.PDS, moved to PDS/BATCHED1
2023-08-06 05:13:48.597802 - Found BKT.txt (text/plain) in CBT.V505.FILE561.PDS, moved to PDS/BKT
2023-08-06 05:13:48.598772 - Found BOOKD.txt (text/plain) in CBT.V505.FILE561.PDS, moved to PDS/BOOKD
2023-08-06 05:13:48.599759 - Found BOOKSHRT.txt (text/plain) in CBT.V505.FILE561.PDS, moved to PDS/BOOKSHRT
2023-08-06 05:13:48.600766 - Found BPROC.txt (text/plain) in CBT.V505.FILE561.PDS, moved to PDS/BPROC
2023-08-06 05:13:48.601632 - Found CBC3GIS1.txt (text/plain) in CBT.V505.FILE561.PDS, moved to PDS/CBC3GIS1
2023-08-06 05:13:48.602501 - Found CBC3GIS6.txt (text/plain) in CBT.V505.FILE561.PDS, moved to PDS/CBC3GIS6
2023-08-06 05:13:48.603491 - Found CBC3GIS9.txt (text/plain) in CBT.V505.FILE561.PDS, moved to PDS/CBC3GIS9
2023-08-06 05:13:48.604433 - Found CCMP.txt (text/plain) in CBT.V505.FILE561.PDS, moved to PDS/CCMP
2023-08-06 05:13:48.605361 - Found CEDIT.txt (text/plain) in CBT.V505.FILE561.PDS, moved to PDS/CEDIT
2023-08-06 05:13:48.606221 - Found CHRDUMP.txt (text/plain) in CBT.V505.FILE561.PDS, moved to PDS/CHRDUMP
2023-08-06 05:13:48.607188 - Found COBV.txt (text/plain) in CBT.V505.FILE561.PDS, moved to PDS/COBV
2023-08-06 05:13:48.608133 - Found COBVEDIT.txt (text/plain) in CBT.V505.FILE561.PDS, moved to PDS/COBVEDIT
2023-08-06 05:13:48.609032 - Found COB2.txt (text/plain) in CBT.V505.FILE561.PDS, moved to PDS/COB2
2023-08-06 05:13:48.609883 - Found COB2EDIT.txt (text/plain) in CBT.V505.FILE561.PDS, moved to PDS/COB2EDIT
2023-08-06 05:13:48.610839 - Found COB3.txt (text/plain) in CBT.V505.FILE561.PDS, moved to PDS/COB3
2023-08-06 05:13:48.611816 - Found COB3EDIT.txt (text/plain) in CBT.V505.FILE561.PDS, moved to PDS/COB3EDIT
2023-08-06 05:13:48.612738 - Found COMPARE.txt (text/plain) in CBT.V505.FILE561.PDS, moved to PDS/COMPARE
2023-08-06 05:13:48.613796 - Found COMPPDS.txt (text/plain) in CBT.V505.FILE561.PDS, moved to PDS/COMPPDS
2023-08-06 05:13:48.614804 - Found CT.txt (text/plain) in CBT.V505.FILE561.PDS, moved to PDS/CT
2023-08-06 05:13:48.615892 - Found DATES.txt (text/plain) in CBT.V505.FILE561.PDS, moved to PDS/DATES
2023-08-06 05:13:48.616814 - Found DEBUG.txt (text/plain) in CBT.V505.FILE561.PDS, moved to PDS/DEBUG
2023-08-06 05:13:48.617805 - Found FELE.rexx (text/plain) in CBT.V505.FILE561.PDS, moved to PDS/FELE
2023-08-06 05:13:48.618829 - Found FELEREXX.rexx (text/plain) in CBT.V505.FILE561.PDS, moved to PDS/FELEREXX
2023-08-06 05:13:48.619811 - Found HCD.txt (text/plain) in CBT.V505.FILE561.PDS, moved to PDS/HCD
2023-08-06 05:13:48.620779 - Found IPCSINIT.txt (text/plain) in CBT.V505.FILE561.PDS, moved to PDS/IPCSINIT
2023-08-06 05:13:48.621772 - Found IPLINFO.rexx (text/plain) in CBT.V505.FILE561.PDS, moved to PDS/IPLINFO
2023-08-06 05:13:48.622636 - Found ISPALOC.txt (text/plain) in CBT.V505.FILE561.PDS, moved to PDS/ISPALOC
2023-08-06 05:13:48.623439 - Found NEWXREF.txt (text/plain) in CBT.V505.FILE561.PDS, moved to PDS/NEWXREF
2023-08-06 05:13:48.624284 - Found OWNER.txt (text/plain) in CBT.V505.FILE561.PDS, moved to PDS/OWNER
2023-08-06 05:13:48.625110 - Found PST.txt (text/plain) in CBT.V505.FILE561.PDS, moved to PDS/PST
2023-08-06 05:13:48.626062 - Found RENMSAVE.txt (text/plain) in CBT.V505.FILE561.PDS, moved to PDS/RENMSAVE
2023-08-06 05:13:48.626890 - Found SMPE0.txt (text/plain) in CBT.V505.FILE561.PDS, moved to PDS/SMPE0
2023-08-06 05:13:48.627688 - Found STARTREK.txt (text/plain) in CBT.V505.FILE561.PDS, moved to PDS/STARTREK
2023-08-06 05:13:48.628456 - Found T.txt (text/plain) in CBT.V505.FILE561.PDS, moved to PDS/T
2023-08-06 05:13:48.629294 - Found TESTMAC.txt (text/plain) in CBT.V505.FILE561.PDS, moved to PDS/TESTMAC
2023-08-06 05:13:48.630231 - Found TEST2.txt (text/plain) in CBT.V505.FILE561.PDS, moved to PDS/TEST2
2023-08-06 05:13:48.631220 - Found VSYSTEM.txt (text/plain) in CBT.V505.FILE561.PDS, moved to PDS/VSYSTEM
2023-08-06 05:13:48.632195 - Found XCOL.txt (text/plain) in CBT.V505.FILE561.PDS, moved to PDS/XCOL
2023-08-06 05:13:48.633118 - Found XREFPUT.txt (text/plain) in CBT.V505.FILE561.PDS, moved to PDS/XREFPUT
2023-08-06 05:13:48.634040 - Found XTUPDATE.txt (text/plain) in CBT.V505.FILE561.PDS, moved to PDS/XTUPDATE
2023-08-06 05:13:48.634957 - Found XXCOL.rexx (text/plain) in CBT.V505.FILE561.PDS, moved to PDS/XXCOL
